2023-04-15 22:51:28,919 - pyswarms.single.global_best - INFO - Optimize for 1000 iters with {'c1': 0.5, 'c2': 0.3, 'w': 0.9}
2023-04-15 22:51:29,149 - pyswarms.single.global_best - INFO - Optimization finished | best cost: 9.516873295954494e-34, best pos: [-1.62165735e-17  6.76174999e-18  1.11660519e-17 -1.77983771e-18
 -2.77283291e-18  1.05852621e-18  3.56783992e-18  2.08993201e-17
  3.43125111e-18 -6.71167972e-18]
2023-04-16 11:58:24,120 - pyswarms.single.global_best - INFO - Optimize for 1000 iters with {'c1': 0.5, 'c2': 0.3, 'w': 0.9}
2023-04-16 11:58:24,378 - pyswarms.single.global_best - INFO - Optimization finished | best cost: 9.034035549521775e-37, best pos: [-1.95575970e-19 -1.51479082e-19  2.35172318e-19 -2.44021230e-19
 -2.30203474e-19 -2.95184519e-19  3.69987011e-19  3.60280850e-19
  3.26710166e-19  4.62380311e-19]
2023-04-16 12:24:58,613 - pyswarms.single.global_best - INFO - Optimize for 1000 iters with {'c1': 0.5, 'c2': 0.3, 'w': 0.9}
2023-04-16 15:03:58,582 - pyswarms.single.global_best - INFO - Optimize for 1000 iters with {'c1': 0.5, 'c2': 0.3, 'w': 0.9}
2023-04-16 15:03:58,829 - pyswarms.single.global_best - INFO - Optimization finished | best cost: 2.179417168699905e-33, best pos: [-1.43140856e-18 -1.92841292e-17  1.93416871e-17  8.25405915e-19
 -7.04543583e-18  6.38116202e-18  2.95562361e-17 -1.36251012e-17
  1.65404337e-17  2.74784040e-18]
2023-04-16 15:04:28,141 - pyswarms.single.global_best - INFO - Optimize for 1000 iters with {'c1': 0.5, 'c2': 0.3, 'w': 0.9}
2023-04-16 15:04:28,645 - pyswarms.single.global_best - INFO - Optimization finished | best cost: 4.464623027439057e-40, best pos: [ 1.18603802e-20  1.81623185e-21 -5.11831250e-22  7.17105722e-21
 -4.62537746e-21 -1.36909656e-21  8.24390301e-21  8.65565002e-21
 -3.81714374e-22 -9.19306753e-21]
2023-04-16 15:10:50,576 - pyswarms.single.global_best - INFO - Optimize for 1000 iters with {'c1': 0.5, 'c2': 0.3, 'w': 0.9}
2023-04-16 15:10:51,079 - pyswarms.single.global_best - INFO - Optimization finished | best cost: 5.19266037021859e-39, best pos: [ 3.42890846e-21 -6.08753226e-21 -1.84306649e-20 -3.42722816e-20
  2.94772204e-20  1.13498180e-20 -4.71815298e-20  1.95409865e-20
 -4.67890707e-21 -1.41500719e-21]
2023-04-16 15:11:41,639 - pyswarms.single.global_best - INFO - Optimize for 1000 iters with {'c1': 0.5, 'c2': 0.3, 'w': 0.9}
2023-04-16 15:11:42,147 - pyswarms.single.global_best - INFO - Optimization finished | best cost: 2.2835066534346655e-38, best pos: [ 2.65480920e-20 -3.84591023e-20  2.91835342e-20 -5.43004465e-20
 -5.47620484e-20 -1.03738850e-19  2.43632977e-20  1.72389941e-20
  1.56247607e-20  4.42202268e-20]
2023-04-16 15:12:21,128 - pyswarms.single.global_best - INFO - Optimize for 1000 iters with {'c1': 0.5, 'c2': 0.3, 'w': 0.9}
2023-04-16 15:12:21,674 - pyswarms.single.global_best - INFO - Optimization finished | best cost: 3.997372188153206e-35, best pos: [-3.38029716e-19  7.01106849e-19 -6.36508266e-19  6.07940372e-18
  2.84900848e-20 -8.16739684e-19 -1.30305246e-19 -2.84135339e-19
 -4.60718608e-19  1.01280071e-18]
2023-04-16 15:17:38,238 - pyswarms.single.global_best - INFO - Optimize for 1000 iters with {'c1': 0.5, 'c2': 0.3, 'w': 0.9}
2023-04-16 15:17:38,774 - pyswarms.single.global_best - INFO - Optimization finished | best cost: 1.9271173937408453e-40, best pos: [ 2.05834054e-21  7.28440026e-21 -7.07052889e-22 -6.00991502e-21
  7.52335350e-22 -9.03497983e-21  2.38769108e-21 -2.88638384e-21
 -8.13671572e-22 -1.37922924e-21]
2023-04-16 15:21:39,622 - pyswarms.single.global_best - INFO - Optimize for 1000 iters with {'c1': 0.5, 'c2': 0.3, 'w': 0.9}
2023-04-16 15:21:40,145 - pyswarms.single.global_best - INFO - Optimization finished | best cost: 2.000468179204383e-41, best pos: [-8.05486432e-22  5.41044257e-22  1.39004733e-21 -2.28996846e-21
 -9.81135214e-22 -6.83163282e-22 -2.17053136e-22  1.35880723e-21
  2.88701724e-21  4.78833302e-22]
2023-04-16 15:22:26,526 - pyswarms.single.global_best - INFO - Optimize for 1000 iters with {'c1': 0.5, 'c2': 0.3, 'w': 0.9}
2023-04-16 15:22:26,765 - pyswarms.single.global_best - INFO - Optimization finished | best cost: 1.9440711021128486e-39, best pos: [-7.95153342e-21  5.87922202e-21 -1.44298519e-20 -1.64044991e-21
 -3.76171177e-20 -6.11002535e-21 -1.77692139e-21  1.11655605e-20
 -3.32542904e-21 -6.64090683e-21]
2023-04-16 15:23:18,039 - pyswarms.single.global_best - INFO - Optimize for 1000 iters with {'c1': 0.5, 'c2': 0.3, 'w': 0.9}
2023-04-16 15:23:18,316 - pyswarms.single.global_best - INFO - Optimization finished | best cost: 23.18035494176021, best pos: [ 7.09417594e-06 -3.21711057e-02  1.44514216e+00 -8.37771272e-02
 -1.52283935e-01  1.80758483e-01  1.61210731e+00 -7.72277224e-02
  2.48079888e-03  1.42740339e+00  2.15667840e+00  1.53575175e+00
  1.26534323e+00 -1.32115251e+00 -1.84886404e-01 -7.52289960e-01
 -3.00357211e-04  3.68634859e-01  1.00251632e+00  5.85211764e-01
 -1.93683367e-01  1.73998642e+00 -3.85426939e-02 -7.80243073e-02
  2.35884780e-01 -3.18358080e-01  7.06434296e-02  8.22374714e-01
  2.30399212e-02  1.85328433e-01]
2023-04-16 15:26:32,511 - pyswarms.single.global_best - INFO - Optimize for 1000 iters with {'c1': 0.5, 'c2': 0.3, 'w': 0.9}
2023-04-16 15:26:33,029 - pyswarms.single.global_best - INFO - Optimization finished | best cost: 13.786426236242335, best pos: [ 6.02880308e-04 -2.33950548e-01  3.25505323e-01 -1.86319491e-01
  9.91032680e-03 -5.63026168e-01 -2.46054227e-01  7.62980889e-01
 -5.41289718e-01 -1.17024277e-01  1.12801637e-01  6.33269775e-01
 -9.26953039e-02 -3.29477945e-01  7.30988756e-02  1.13757897e+00
  7.69836556e-03 -2.99810790e-01 -2.48666223e-01 -2.90025782e-02
 -3.44404116e-02  5.18860624e-01 -5.73473977e-01  4.84658085e-03
 -1.64797950e-04 -1.29366088e+00  2.71157727e+00  7.40362000e-01
  3.65073307e-01  1.76195619e-01]
2023-04-16 15:27:04,774 - pyswarms.single.global_best - INFO - Optimize for 1000 iters with {'c1': 0.5, 'c2': 0.3, 'w': 0.9}
2023-04-16 15:27:05,317 - pyswarms.single.global_best - INFO - Optimization finished | best cost: 15.801294756139155, best pos: [ 4.25266815e-04 -2.62939563e-01  1.14622255e+00  8.15737341e-01
 -2.06965073e-01  4.34864950e-01 -1.99135639e-01 -1.12188946e+00
 -4.20068145e-06 -1.66119723e-02  1.53119431e+00 -6.05927717e-01
  3.00816557e-01  5.43907740e-02  1.31505998e-01  6.19637141e-01
  1.10819598e+00 -5.78049708e-02  5.95049115e-01 -8.12703157e-01
 -1.53637843e+00 -1.07490295e-01 -1.94050262e+00  2.80123974e-02
 -3.56486869e-02 -5.95835499e-03  3.32600275e-01  1.89718842e-01
 -1.39107289e-01 -6.80116310e-01]
2023-04-16 15:28:56,319 - pyswarms.single.global_best - INFO - Optimize for 1000 iters with {'c1': 0.5, 'c2': 0.3, 'w': 0.9}
2023-04-16 15:28:56,598 - pyswarms.single.global_best - INFO - Optimization finished | best cost: 33.45512485676818, best pos: [ 1.04327897e-03  2.83950903e-01 -7.34046940e-02 -1.13852167e-01
 -1.34153525e-01 -3.26493348e-03  1.60720702e-02 -2.57681671e+00
 -1.85972225e+00  1.19826446e+00  8.75306975e-01  2.73593709e-01
 -3.56573310e-03  5.49065204e-02  4.32615401e-02 -2.84505773e+00
  8.21485436e-02 -2.33077879e-01 -4.79731777e-04 -6.66944774e-01
 -1.70117188e+00 -1.36124799e+00 -3.82280606e-02 -2.07217369e-01
  1.34594776e+00  5.82106385e-01  3.30342465e-01  8.95484256e-02
  1.78377946e-01 -2.29252698e+00]
2023-04-16 15:29:49,222 - pyswarms.single.global_best - INFO - Optimize for 1000 iters with {'c1': 0.5, 'c2': 0.3, 'w': 0.9}
2023-04-16 15:29:49,497 - pyswarms.single.global_best - INFO - Optimization finished | best cost: 2.8351052641224435, best pos: [-2.04737148e-04 -8.28947259e-01 -1.32379583e-02  1.17716562e-01
 -2.07961612e-02 -7.16544983e-02  4.48974485e-02 -2.40266264e-03
  1.17306243e-02 -5.98039415e-02  2.60387239e-01  1.13312532e-01
 -2.63530489e-02 -1.51962604e-01  3.50968495e-02 -1.36244438e-01
 -1.52116522e-03  1.13408544e-01  1.00804885e-01 -9.10630735e-02
  4.54782073e-01 -1.28385534e-01  1.00510179e+00  5.48210371e-01
  8.26044028e-02  5.71502583e-02  2.12944858e-01  5.97982340e-01
  8.18546871e-02 -1.13423734e-01]
2023-04-16 15:40:31,658 - pyswarms.single.global_best - INFO - Optimize for 1000 iters with {'c1': 0.5, 'c2': 0.3, 'w': 0.9}
2023-04-16 15:40:32,199 - pyswarms.single.global_best - INFO - Optimization finished | best cost: 18.60252729209522, best pos: [-6.52817361e-04  6.30622369e-02 -1.27899934e+00 -4.15886182e-02
 -1.17830460e-01  1.66642698e+00 -4.78103797e-02 -1.07156172e+00
 -6.94391945e-01 -4.67517419e-01  3.48036108e-02 -1.13105565e+00
 -4.84790368e-01  2.14482772e-01  5.24805488e-01 -4.04424472e-01
 -1.91738018e+00 -1.30405484e-02 -7.57190256e-01  1.97154922e-01
 -9.68303079e-03 -3.02487925e-01 -3.07124881e-02  4.13041082e-01
 -7.11416132e-01  4.65894858e-01  3.43341159e-01  2.18378145e+00
  1.55197087e-01 -3.58003744e-01]
2023-04-16 15:42:53,278 - pyswarms.single.global_best - INFO - Optimize for 1000 iters with {'c1': 0.5, 'c2': 0.3, 'w': 0.9}
2023-04-16 15:42:53,548 - pyswarms.single.global_best - INFO - Optimization finished | best cost: 15.682008124315741, best pos: [-2.24326800e-03 -1.08307175e-02 -2.80099902e-02  1.16896206e+00
 -1.18271474e+00 -3.89249614e-02 -7.62132771e-01  1.47978686e-01
 -2.46650502e-01  1.92733724e-01 -4.35360559e-01 -1.59150200e-01
  1.18431400e+00 -1.32669629e-01 -1.03751139e-02  1.89330400e+00
  9.52575983e-01 -6.70436861e-01 -1.15301019e-01  3.13663324e-02
  1.10855054e+00 -3.39078138e-02 -6.95666084e-01  1.89234080e+00
  9.86548814e-02  3.92238824e-01 -3.02983690e-04  2.22116280e-01
  3.51861849e-05  2.53880984e-01]
2023-04-16 15:44:15,411 - pyswarms.single.global_best - INFO - Optimize for 1000 iters with {'c1': 0.5, 'c2': 0.3, 'w': 0.9}
2023-04-16 15:44:15,738 - pyswarms.single.global_best - INFO - Optimization finished | best cost: 12.737325118085026, best pos: [ 0.91356782  0.85788714  1.0958725   0.91943226 -0.21060684  1.05035902
  0.98669919 -0.12400847  0.92612312 -0.48020654  0.95637165  1.18813154
  0.94490419  1.10219012  1.38546214  0.91786146  0.93877804  1.17542929
  1.00469373 -0.52876869  0.95645425  0.89143424  0.92843112  0.4253587
  0.96447215  0.867614    0.91165659  0.99659087  1.02922531  0.91382932]
2023-04-16 16:28:11,820 - pyswarms.single.global_best - INFO - Optimize for 1000 iters with {'c1': 0.5, 'c2': 0.3, 'w': 0.9}
2023-04-16 16:28:12,087 - pyswarms.single.global_best - INFO - Optimization finished | best cost: 7.887958151238352e-10, best pos: [ 2.19367461e-06 -3.46807844e-06  1.40975018e-07  2.34502197e-05
  3.35238505e-07  4.91614206e-06 -6.01257870e-07 -3.14835635e-06
  1.84371736e-06  3.17917719e-06 -6.11349811e-06  9.83473817e-07
 -3.05823270e-06 -1.31286006e-06 -1.11599254e-05]
2023-04-16 16:28:36,913 - pyswarms.single.global_best - INFO - Optimize for 1000 iters with {'c1': 0.5, 'c2': 0.3, 'w': 0.9}
2023-04-16 16:28:37,245 - pyswarms.single.global_best - INFO - Optimization finished | best cost: 96.83568836189599, best pos: [ 0.95828647  0.96280057  1.01003615  1.05310543  0.99880577  0.946541
  0.91783374  0.76559008  0.62062784  0.40334257  0.13640551 -0.02250045
 -0.82753041  1.08183009  1.35201221]
2023-04-16 16:29:06,196 - pyswarms.single.global_best - INFO - Optimize for 1000 iters with {'c1': 0.5, 'c2': 0.3, 'w': 0.9}
2023-04-16 16:29:06,513 - pyswarms.single.global_best - INFO - Optimization finished | best cost: 35.04110017196714, best pos: [-1.98970374e+00 -9.94781694e-01  9.95142380e-01  9.95331965e-01
  4.32841491e-05 -9.92779435e-01  3.30984062e-02 -1.98954539e+00
  1.98982754e+00 -2.98489190e+00  1.98987913e+00  1.13933643e-04
  1.98996991e+00  9.94807194e-01  9.94938999e-01]
2023-04-16 16:29:26,469 - pyswarms.single.global_best - INFO - Optimize for 1000 iters with {'c1': 0.5, 'c2': 0.3, 'w': 0.9}
2023-04-16 16:29:26,848 - pyswarms.single.global_best - INFO - Optimization finished | best cost: 0.007396040334134657, best pos: [ 3.14002265e+00  4.43844451e+00 -4.96157364e-08  7.06421855e-08
  3.79697811e-08 -6.11467522e-08 -8.95179501e-08 -8.46421328e-08
 -3.87019453e-07  9.65236970e-08 -1.89330327e-07  2.42351701e-08
  1.36919848e-07 -4.03261210e-07  4.80164720e-08]
2023-04-16 16:29:39,223 - pyswarms.single.global_best - INFO - Optimize for 1000 iters with {'c1': 0.5, 'c2': 0.3, 'w': 0.9}
2023-04-16 16:29:39,574 - pyswarms.single.global_best - INFO - Optimization finished | best cost: 17.13860847819332, best pos: [ 3.73254388e+00  1.50896461e-01  1.38801377e-01 -9.01350005e-04
 -1.83272996e-01  9.93260213e-02 -6.75071199e-02  3.31900825e-02
  4.53361147e-03  4.03735927e-02 -2.95726272e-02  1.14844432e-02
  2.27136981e-03  9.93412146e-03 -2.53261002e-03]
2023-04-16 16:29:46,247 - pyswarms.single.global_best - INFO - Optimize for 1000 iters with {'c1': 0.5, 'c2': 0.3, 'w': 0.9}
2023-04-16 16:29:46,527 - pyswarms.single.global_best - INFO - Optimization finished | best cost: 1.5661596538446723, best pos: [ 1.21153994e+00  3.62130034e-04  3.36575139e-04  4.91125950e-05
 -1.89070877e-04  4.75718855e-05 -2.65825652e-04  1.93106659e-05
 -2.07494469e-04  1.90750131e-04 -5.63006174e-04 -1.86733449e-04
  2.84294033e-03  3.23206802e-04  9.26889556e-04]
2023-04-16 16:29:52,848 - pyswarms.single.global_best - INFO - Optimize for 1000 iters with {'c1': 0.5, 'c2': 0.3, 'w': 0.9}
2023-04-16 16:29:53,105 - pyswarms.single.global_best - INFO - Optimization finished | best cost: 0.7731757831744854, best pos: [-4.51592916e-05  1.29862390e-03 -5.65938726e-03  4.06812626e-01
  1.72976128e-02 -2.13365353e-03 -1.89774363e-02 -6.40827577e-01
 -3.16845476e-03 -2.50352953e-03  3.39966960e-02 -4.16297733e-01
 -3.07288213e-03  5.28112229e-04  1.47701287e-01]
2023-04-16 16:29:59,885 - pyswarms.single.global_best - INFO - Optimize for 1000 iters with {'c1': 0.5, 'c2': 0.3, 'w': 0.9}
2023-04-16 16:30:00,218 - pyswarms.single.global_best - INFO - Optimization finished | best cost: 0.06992786433702096, best pos: [0.91081375 0.96740338 0.9597318  0.95580066 0.88386879 0.95202422
 0.96522714 0.96164695 0.96684659 0.97782192 0.95822014 0.95230762
 0.95464283 0.96406061 0.95438717]
2023-04-16 16:30:15,654 - pyswarms.single.global_best - INFO - Optimize for 1000 iters with {'c1': 0.5, 'c2': 0.3, 'w': 0.9}
2023-04-16 16:30:16,037 - pyswarms.single.global_best - INFO - Optimization finished | best cost: 1.612354902924551e-07, best pos: [ 1.88495629e-08  3.63144781e-08  1.44824853e-09  3.59234151e-09
 -7.60080423e-09  1.22697979e-07  1.53832775e-08 -1.43191835e-08
  2.16649771e-09 -1.26348989e-08  5.82972755e-09  3.81832859e-10
  6.84180569e-09  8.29462842e-08 -1.84813225e-09]
2023-04-17 21:01:59,534 - pyswarms.single.global_best - INFO - Optimize for 1000 iters with {'c1': 0.5, 'c2': 0.3, 'w': 0.9}
2023-04-17 21:01:59,785 - pyswarms.single.global_best - INFO - Optimization finished | best cost: 1.6157189832217498e-06, best pos: [ 3.93604704e-07 -7.16027661e-05  7.96047350e-06 -2.85097836e-05
  3.75493677e-04 -1.57337627e-05 -9.51017769e-05  3.61486412e-04
 -1.27062086e-06 -4.64980137e-05 -6.31965156e-05 -1.30829761e-05
  1.47311653e-05 -1.13602374e-03 -1.77933360e-04]
2023-04-17 21:02:41,518 - pyswarms.single.global_best - INFO - Optimize for 1000 iters with {'c1': 0.5, 'c2': 0.3, 'w': 0.9}
2023-04-17 21:02:41,770 - pyswarms.single.global_best - INFO - Optimization finished | best cost: 2.3732473716262015, best pos: [-1.21352716e-03 -1.46390811e-05 -2.41865326e-02 -9.14880668e-02
 -1.75020136e-01 -4.30669233e-02 -1.44073414e+00  4.84969090e-03
 -1.02149682e-02  1.12200135e-01 -1.15575932e-01 -1.58281912e-01
 -1.53830166e-01  2.32737190e-01 -3.35270280e-01]
